Using pre-set license
Built from '2022.3/staging' branch; Version is '2022.3.8f1 (b5eafc012955) revision 11922172'; Using compiler version '192829333'; Build Type 'Release'
OS: 'Windows 11  (10.0.22621) 64bit Core' Language: 'en' Physical Memory: 32648 MB
BatchMode: 1, IsHumanControllingUs: 0, StartBugReporterOnCrash: 0, Is64bit: 1, IsPro: 1

COMMAND LINE ARGUMENTS:
C:\Program Files\Unity\Hub\Editor\2022.3.8f1\Editor\Unity.exe
-adb2
-batchMode
-noUpm
-name
AssetImportWorker2
-projectPath
C:/Users/Zac/2D blendtree animations
-logFile
Logs/AssetImportWorker2.log
-srvPort
49912
Successfully changed project path to: C:/Users/Zac/2D blendtree animations
C:/Users/Zac/2D blendtree animations
[UnityMemory] Configuration Parameters - Can be set up in boot.config
    "memorysetup-bucket-allocator-granularity=16"
    "memorysetup-bucket-allocator-bucket-count=8"
    "memorysetup-bucket-allocator-block-size=33554432"
    "memorysetup-bucket-allocator-block-count=8"
    "memorysetup-main-allocator-block-size=16777216"
    "memorysetup-thread-allocator-block-size=16777216"
    "memorysetup-gfx-main-allocator-block-size=16777216"
    "memorysetup-gfx-thread-allocator-block-size=16777216"
    "memorysetup-cache-allocator-block-size=4194304"
    "memorysetup-typetree-allocator-block-size=2097152"
    "memorysetup-profiler-bucket-allocator-granularity=16"
    "memorysetup-profiler-bucket-allocator-bucket-count=8"
    "memorysetup-profiler-bucket-allocator-block-size=33554432"
    "memorysetup-profiler-bucket-allocator-block-count=8"
    "memorysetup-profiler-allocator-block-size=16777216"
    "memorysetup-profiler-editor-allocator-block-size=1048576"
    "memorysetup-temp-allocator-size-main=16777216"
    "memorysetup-job-temp-allocator-block-size=2097152"
    "memorysetup-job-temp-allocator-block-size-background=1048576"
    "memorysetup-job-temp-allocator-reduction-small-platforms=262144"
    "memorysetup-allocator-temp-initial-block-size-main=262144"
    "memorysetup-allocator-temp-initial-block-size-worker=262144"
    "memorysetup-temp-allocator-size-background-worker=32768"
    "memorysetup-temp-allocator-size-job-worker=262144"
    "memorysetup-temp-allocator-size-preload-manager=33554432"
    "memorysetup-temp-allocator-size-nav-mesh-worker=65536"
    "memorysetup-temp-allocator-size-audio-worker=65536"
    "memorysetup-temp-allocator-size-cloud-worker=32768"
    "memorysetup-temp-allocator-size-gi-baking-worker=262144"
    "memorysetup-temp-allocator-size-gfx=262144"
Player connection [22168] Host "[IP] 192.168.68.140 [Port] 0 [Flags] 2 [Guid] 524791426 [EditorId] 524791426 [Version] 1048832 [Id] WindowsEditor(7,DESKTOP-13C9S3F) [Debug] 1 [PackageName] WindowsEditor [ProjectName] Editor" joined multi-casting on [225.0.0.222:54997]...

Player connection [22168] Host "[IP] 192.168.68.140 [Port] 0 [Flags] 2 [Guid] 524791426 [EditorId] 524791426 [Version] 1048832 [Id] WindowsEditor(7,DESKTOP-13C9S3F) [Debug] 1 [PackageName] WindowsEditor [ProjectName] Editor" joined alternative multi-casting on [225.0.0.222:34997]...

[Physics::Module] Initialized MultithreadedJobDispatcher with 15 workers.
Refreshing native plugins compatible for Editor in 8.42 ms, found 3 plugins.
Preloading 0 native plugins for Editor in 0.00 ms.
Initialize engine version: 2022.3.8f1 (b5eafc012955)
[Subsystems] Discovering subsystems at path C:/Program Files/Unity/Hub/Editor/2022.3.8f1/Editor/Data/Resources/UnitySubsystems
[Subsystems] Discovering subsystems at path C:/Users/Zac/2D blendtree animations/Assets
GfxDevice: creating device client; threaded=0; jobified=0
Direct3D:
    Version:  Direct3D 11.0 [level 11.1]
    Renderer: AMD Radeon RX 7600 (ID=0x7480)
    Vendor:   ATI
    VRAM:     8132 MB
    Driver:   31.0.21024.3006
Initialize mono
Mono path[0] = 'C:/Program Files/Unity/Hub/Editor/2022.3.8f1/Editor/Data/Managed'
Mono path[1] = 'C:/Program Files/Unity/Hub/Editor/2022.3.8f1/Editor/Data/MonoBleedingEdge/lib/mono/unityjit-win32'
Mono config path = 'C:/Program Files/Unity/Hub/Editor/2022.3.8f1/Editor/Data/MonoBleedingEdge/etc'
Using monoOptions --debugger-agent=transport=dt_socket,embedding=1,server=y,suspend=n,address=127.0.0.1:56504
Begin MonoManager ReloadAssembly
Registering precompiled unity dll's ...
Register platform support module: C:/Program Files/Unity/Hub/Editor/2022.3.8f1/Editor/Data/PlaybackEngines/WebGLSupport/UnityEditor.WebGL.Extensions.dll
Register platform support module: C:/Program Files/Unity/Hub/Editor/2022.3.8f1/Editor/Data/PlaybackEngines/WindowsStandaloneSupport/UnityEditor.WindowsStandalone.Extensions.dll
Registered in 0.009580 seconds.
- Loaded All Assemblies, in  0.286 seconds
Native extension for WindowsStandalone target not found
Native extension for WebGL target not found
Mono: successfully reloaded assembly
- Finished resetting the current domain, in  0.201 seconds
Domain Reload Profiling: 484ms
	BeginReloadAssembly (89ms)
		ExecutionOrderSort (0ms)
		DisableScriptedObjects (0ms)
		BackupInstance (0ms)
		ReleaseScriptingObjects (0ms)
		CreateAndSetChildDomain (1ms)
	RebuildCommonClasses (24ms)
	RebuildNativeTypeToScriptingClass (9ms)
	initialDomainReloadingComplete (53ms)
	LoadAllAssembliesAndSetupDomain (108ms)
		LoadAssemblies (86ms)
		RebuildTransferFunctionScriptingTraits (0ms)
		AnalyzeDomain (106ms)
			TypeCache.Refresh (105ms)
				TypeCache.ScanAssembly (96ms)
			ScanForSourceGeneratedMonoScriptInfo (0ms)
			ResolveRequiredComponents (0ms)
	FinalizeReload (201ms)
		ReleaseScriptCaches (0ms)
		RebuildScriptCaches (0ms)
		SetupLoadedEditorAssemblies (157ms)
			LogAssemblyErrors (0ms)
			InitializePlatformSupportModulesInManaged (9ms)
			SetLoadedEditorAssemblies (4ms)
			RefreshPlugins (0ms)
			BeforeProcessingInitializeOnLoad (2ms)
			ProcessInitializeOnLoadAttributes (102ms)
			ProcessInitializeOnLoadMethodAttributes (39ms)
			AfterProcessingInitializeOnLoad (0ms)
			EditorAssembliesLoaded (0ms)
		ExecutionOrderSort2 (0ms)
		AwakeInstancesAfterBackupRestoration (0ms)
========================================================================
Worker process is ready to serve import requests
Begin MonoManager ReloadAssembly
- Loaded All Assemblies, in  0.528 seconds
Refreshing native plugins compatible for Editor in 2.99 ms, found 3 plugins.
Native extension for WindowsStandalone target not found
Native extension for WebGL target not found
Package Manager log level set to [2]
[Package Manager] Server::EnsureServerProcessIsRunning -- launch failed, reason: Unity was launched with the -noUpm command-line argument
[Package Manager] UpmClient::Send -- Unable to send message (not connected to UPM process).
[Package Manager] Cannot connect to Unity Package Manager local server
Mono: successfully reloaded assembly
- Finished resetting the current domain, in  0.532 seconds
Domain Reload Profiling: 1057ms
	BeginReloadAssembly (131ms)
		ExecutionOrderSort (0ms)
		DisableScriptedObjects (5ms)
		BackupInstance (0ms)
		ReleaseScriptingObjects (0ms)
		CreateAndSetChildDomain (18ms)
	RebuildCommonClasses (24ms)
	RebuildNativeTypeToScriptingClass (8ms)
	initialDomainReloadingComplete (35ms)
	LoadAllAssembliesAndSetupDomain (327ms)
		LoadAssemblies (281ms)
		RebuildTransferFunctionScriptingTraits (0ms)
		AnalyzeDomain (126ms)
			TypeCache.Refresh (110ms)
				TypeCache.ScanAssembly (98ms)
			ScanForSourceGeneratedMonoScriptInfo (12ms)
			ResolveRequiredComponents (3ms)
	FinalizeReload (533ms)
		ReleaseScriptCaches (0ms)
		RebuildScriptCaches (0ms)
		SetupLoadedEditorAssemblies (421ms)
			LogAssemblyErrors (0ms)
			InitializePlatformSupportModulesInManaged (7ms)
			SetLoadedEditorAssemblies (4ms)
			RefreshPlugins (0ms)
			BeforeProcessingInitializeOnLoad (83ms)
			ProcessInitializeOnLoadAttributes (300ms)
			ProcessInitializeOnLoadMethodAttributes (15ms)
			AfterProcessingInitializeOnLoad (10ms)
			EditorAssembliesLoaded (0ms)
		ExecutionOrderSort2 (0ms)
		AwakeInstancesAfterBackupRestoration (5ms)
Launched and connected shader compiler UnityShaderCompiler.exe after 0.05 seconds
Refreshing native plugins compatible for Editor in 4.03 ms, found 3 plugins.
Preloading 0 native plugins for Editor in 0.00 ms.
Unloading 3499 Unused Serialized files (Serialized files now loaded: 0)
Unloading 36 unused Assets / (107.8 KB). Loaded Objects now: 3967.
Memory consumption went from 136.9 MB to 136.8 MB.
Total: 3.250800 ms (FindLiveObjects: 0.271500 ms CreateObjectMapping: 0.093500 ms MarkObjects: 2.750100 ms  DeleteObjects: 0.134500 ms)

AssetImportParameters requested are different than current active one (requested -> active):
  custom:container-demuxer-ogg: 62fdf1f143b41e24485cea50d1cbac27 -> 
  custom:video-codec-MediaFoundation-h265: 746d11721c4dcdbdad8f713fa42b33f4 -> 
  custom:video-decoder-ogg-theora: a1e56fd34408186e4bbccfd4996cb3dc -> 
  custom:framework-win-MediaFoundation: 216162199b28c13a410421893ffa2e32 -> 
  custom:CustomObjectIndexerAttribute: 756ad292c208cfabdd7b50bc23989ffe -> 
  custom:container-demuxer-webm: 4f35f7cbe854078d1ac9338744f61a02 -> 
  custom:container-muxer-webm: aa71ff27fc2769a1b78a27578f13a17b -> 
  custom:video-decoder-webm-vp8: 9c59270c3fd7afecdb556c50c9e8de78 -> 
  custom:SearchIndexIgnoredProperties: e643bd26f0fe6173181afceb89e7c659 -> 
  custom:AudioImporter_EditorPlatform: d09bf68614088b80899f8185d706f6e7 -> 
  custom:video-encoder-webm-vp8: eb34c28f22e8b96e1ab97ce403110664 -> 
  custom:audio-decoder-ogg-vorbis: bf7c407c2cedff20999df2af8eb42d56 -> 
  custom:audio-encoder-webm-vorbis: bf7c407c2cedff20999df2af8eb42d56 -> 
========================================================================
Received Import Request.
  Time since last request: 2421.715739 seconds.
  path: Assets/Obligatory Scifi Corridor 01/Prefabs/console1.prefab
  artifactKey: Guid(25320442416db44459f8ec0194f2c777) Importer(815301076,1909f56bfc062723c751e8b465ee728b)
Start importing Assets/Obligatory Scifi Corridor 01/Prefabs/console1.prefab using Guid(25320442416db44459f8ec0194f2c777) Importer(815301076,1909f56bfc062723c751e8b465ee728b)  -> (artifact id: 'd1fef56aa860daaf41dfd6bba10912f8') in 0.368031 seconds
Number of updated asset objects reloaded before import = 0
Number of asset objects unloaded after import = 13
========================================================================
Received Import Request.
  Time since last request: 0.000078 seconds.
  path: Assets/Obligatory Scifi Corridor 01/Prefabs/lamp-detail1.prefab
  artifactKey: Guid(8f3a8de2c028ed64fba4ed3c764fae1e) Importer(815301076,1909f56bfc062723c751e8b465ee728b)
Start importing Assets/Obligatory Scifi Corridor 01/Prefabs/lamp-detail1.prefab using Guid(8f3a8de2c028ed64fba4ed3c764fae1e) Importer(815301076,1909f56bfc062723c751e8b465ee728b)  -> (artifact id: 'bf40c913ca43def5084f37da8cb75a78') in 0.033174 seconds
Number of updated asset objects reloaded before import = 0
Number of asset objects unloaded after import = 13
========================================================================
Received Import Request.
  Time since last request: 0.000011 seconds.
  path: Assets/Obligatory Scifi Corridor 01/Prefabs/floor-main.prefab
  artifactKey: Guid(8002f544734f7c540b85124ab96d5e5c) Importer(815301076,1909f56bfc062723c751e8b465ee728b)
Start importing Assets/Obligatory Scifi Corridor 01/Prefabs/floor-main.prefab using Guid(8002f544734f7c540b85124ab96d5e5c) Importer(815301076,1909f56bfc062723c751e8b465ee728b)  -> (artifact id: 'a8b05de02697d360566ff1e406835c9c') in 0.021322 seconds
Number of updated asset objects reloaded before import = 0
Number of asset objects unloaded after import = 25
========================================================================
Received Import Request.
  Time since last request: 0.000012 seconds.
  path: Assets/Obligatory Scifi Corridor 01/Prefabs/plane-detail1.prefab
  artifactKey: Guid(51ddcbbb08c4a8e4a941f70fdcea5220) Importer(815301076,1909f56bfc062723c751e8b465ee728b)
Start importing Assets/Obligatory Scifi Corridor 01/Prefabs/plane-detail1.prefab using Guid(51ddcbbb08c4a8e4a941f70fdcea5220) Importer(815301076,1909f56bfc062723c751e8b465ee728b)  -> (artifact id: '59f651f97fc0a6a672493df867ea54ce') in 0.025613 seconds
Number of updated asset objects reloaded before import = 0
Number of asset objects unloaded after import = 13
========================================================================
Received Import Request.
  Time since last request: 0.000012 seconds.
  path: Assets/Obligatory Scifi Corridor 01/Prefabs/floor-panel2.prefab
  artifactKey: Guid(eaff7f56d3ac71c469524d7f5d1c210e) Importer(815301076,1909f56bfc062723c751e8b465ee728b)
Start importing Assets/Obligatory Scifi Corridor 01/Prefabs/floor-panel2.prefab using Guid(eaff7f56d3ac71c469524d7f5d1c210e) Importer(815301076,1909f56bfc062723c751e8b465ee728b)  -> (artifact id: 'e9bb2df48810915c1bf17f82be375b76') in 0.021896 seconds
Number of updated asset objects reloaded before import = 0
Number of asset objects unloaded after import = 13
========================================================================
Received Import Request.
  Time since last request: 0.000011 seconds.
  path: Assets/Obligatory Scifi Corridor 01/Prefabs/floor2 (1).prefab
  artifactKey: Guid(17e7dc908b19c074eab0ea745952bc48) Importer(815301076,1909f56bfc062723c751e8b465ee728b)
Start importing Assets/Obligatory Scifi Corridor 01/Prefabs/floor2 (1).prefab using Guid(17e7dc908b19c074eab0ea745952bc48) Importer(815301076,1909f56bfc062723c751e8b465ee728b)  -> (artifact id: '9aa319b566b7c5fc2017693dd406e258') in 0.017976 seconds
Number of updated asset objects reloaded before import = 0
Number of asset objects unloaded after import = 13
========================================================================
Received Import Request.
  Time since last request: 2.752423 seconds.
  path: Assets/Obligatory Scifi Corridor 01/Models/cor1_low.FBX
  artifactKey: Guid(b369ce5e301bbf040abe85618537e820) Importer(815301076,1909f56bfc062723c751e8b465ee728b)
Start importing Assets/Obligatory Scifi Corridor 01/Models/cor1_low.FBX using Guid(b369ce5e301bbf040abe85618537e820) Importer(815301076,1909f56bfc062723c751e8b465ee728b)  -> (artifact id: 'ece2e4f302b7829fd430ae2a3dec7c74') in 0.244280 seconds
Number of updated asset objects reloaded before import = 0
Number of asset objects unloaded after import = 188
========================================================================
Received Import Request.
  Time since last request: 22.766717 seconds.
  path: Assets/Obligatory Scifi Corridor 01/Scenes/Config-01-bake
  artifactKey: Guid(22d8051a8efd222499836d239aa3d853) Importer(815301076,1909f56bfc062723c751e8b465ee728b)
Start importing Assets/Obligatory Scifi Corridor 01/Scenes/Config-01-bake using Guid(22d8051a8efd222499836d239aa3d853) Importer(815301076,1909f56bfc062723c751e8b465ee728b)  -> (artifact id: '7732d7d95bfcaf143b0d589c400bfecf') in 0.006631 seconds
Number of updated asset objects reloaded before import = 0
Number of asset objects unloaded after import = 0
========================================================================
Received Import Request.
  Time since last request: 1.209084 seconds.
  path: Assets/Obligatory Scifi Corridor 01/Scenes/Config-01-bake/LightingData.asset
  artifactKey: Guid(58e8eaa7887094f4da8b18b24f495788) Importer(815301076,1909f56bfc062723c751e8b465ee728b)
Start importing Assets/Obligatory Scifi Corridor 01/Scenes/Config-01-bake/LightingData.asset using Guid(58e8eaa7887094f4da8b18b24f495788) Importer(815301076,1909f56bfc062723c751e8b465ee728b) Lighting data asset ‘LightingData’ is inconsistent because 64 files out of 320 are missing. Please use Generate Lighting to rebuild the lighting data.
Lighting data asset ‘LightingData’ is incompatible with the current Unity version. Please use Generate Lighting to rebuild the lighting data. Realtime Global Illumination cannot be used until the lighting data is rebuilt.
Lighting data asset ‘LightingData’ is incompatible with the current Unity version because the scene it was baked for was not serialized. Please use Generate Lighting to rebuild the lighting data, or assign the target scene to the Lighting Data Asset in the inspector.
 -> (artifact id: '7ba886775353bb99964d4bd4b61ca252') in 0.099555 seconds
Number of updated asset objects reloaded before import = 0
Number of asset objects unloaded after import = 1
========================================================================
Received Import Request.
  Time since last request: 2.911815 seconds.
  path: Assets/Obligatory Scifi Corridor 01/Scenes
  artifactKey: Guid(d5f99438a97303148a446c4608a852f3) Importer(815301076,1909f56bfc062723c751e8b465ee728b)
Start importing Assets/Obligatory Scifi Corridor 01/Scenes using Guid(d5f99438a97303148a446c4608a852f3) Importer(815301076,1909f56bfc062723c751e8b465ee728b)  -> (artifact id: '4fd9de229163e9ee5abe92017fe706c7') in 0.000346 seconds
Number of updated asset objects reloaded before import = 0
Number of asset objects unloaded after import = 0
========================================================================
Received Import Request.
  Time since last request: 9197.970510 seconds.
  path: Assets/Obligatory Scifi Corridor 01/Prefabs/collum1.prefab
  artifactKey: Guid(381ae734bb1fcc64d9689bd4625b9eeb) Importer(815301076,1909f56bfc062723c751e8b465ee728b)
Start importing Assets/Obligatory Scifi Corridor 01/Prefabs/collum1.prefab using Guid(381ae734bb1fcc64d9689bd4625b9eeb) Importer(815301076,1909f56bfc062723c751e8b465ee728b)  -> (artifact id: 'cf745ace227f594794d3b4a282f7c2e7') in 0.039000 seconds
Number of updated asset objects reloaded before import = 0
Number of asset objects unloaded after import = 13
========================================================================
Received Import Request.
  Time since last request: 0.000029 seconds.
  path: Assets/Obligatory Scifi Corridor 01/Prefabs/console1.prefab
  artifactKey: Guid(25320442416db44459f8ec0194f2c777) Importer(815301076,1909f56bfc062723c751e8b465ee728b)
Start importing Assets/Obligatory Scifi Corridor 01/Prefabs/console1.prefab using Guid(25320442416db44459f8ec0194f2c777) Importer(815301076,1909f56bfc062723c751e8b465ee728b)  -> (artifact id: 'e77181c1f28c34b9980f4fee4153f02b') in 0.015836 seconds
Number of updated asset objects reloaded before import = 0
Number of asset objects unloaded after import = 13
========================================================================
Received Import Request.
  Time since last request: 0.000013 seconds.
  path: Assets/Obligatory Scifi Corridor 01/Prefabs/floor2.prefab
  artifactKey: Guid(39c0276e2611d524887d283de82ba031) Importer(815301076,1909f56bfc062723c751e8b465ee728b)
Start importing Assets/Obligatory Scifi Corridor 01/Prefabs/floor2.prefab using Guid(39c0276e2611d524887d283de82ba031) Importer(815301076,1909f56bfc062723c751e8b465ee728b)  -> (artifact id: 'c5c2f5f29a5e58f9774f0d24c7807d3e') in 0.018822 seconds
Number of updated asset objects reloaded before import = 0
Number of asset objects unloaded after import = 13
========================================================================
Received Import Request.
  Time since last request: 0.000018 seconds.
  path: Assets/Obligatory Scifi Corridor 01/Prefabs/floor-detail2.prefab
  artifactKey: Guid(1ec3e17620eec0648bbad5641ad6cd6b) Importer(815301076,1909f56bfc062723c751e8b465ee728b)
Start importing Assets/Obligatory Scifi Corridor 01/Prefabs/floor-detail2.prefab using Guid(1ec3e17620eec0648bbad5641ad6cd6b) Importer(815301076,1909f56bfc062723c751e8b465ee728b)  -> (artifact id: 'ed86a2157c5bc6ceb99e10fa9f07465a') in 0.015997 seconds
Number of updated asset objects reloaded before import = 0
Number of asset objects unloaded after import = 13
========================================================================
Received Import Request.
  Time since last request: 0.000014 seconds.
  path: Assets/Obligatory Scifi Corridor 01/Prefabs/fabrics1.prefab
  artifactKey: Guid(c0b7653931ba73a478f3cc6dda665fd9) Importer(815301076,1909f56bfc062723c751e8b465ee728b)
Start importing Assets/Obligatory Scifi Corridor 01/Prefabs/fabrics1.prefab using Guid(c0b7653931ba73a478f3cc6dda665fd9) Importer(815301076,1909f56bfc062723c751e8b465ee728b)  -> (artifact id: '27980a5565b819309424ccda7c58a944') in 0.012209 seconds
Number of updated asset objects reloaded before import = 0
Number of asset objects unloaded after import = 12
========================================================================
Received Import Request.
  Time since last request: 0.000016 seconds.
  path: Assets/Obligatory Scifi Corridor 01/Prefabs/collum3.prefab
  artifactKey: Guid(38db1cbd3e834564aa6dbaa7182afc7c) Importer(815301076,1909f56bfc062723c751e8b465ee728b)
Start importing Assets/Obligatory Scifi Corridor 01/Prefabs/collum3.prefab using Guid(38db1cbd3e834564aa6dbaa7182afc7c) Importer(815301076,1909f56bfc062723c751e8b465ee728b)  -> (artifact id: 'cbdf163506a38d45d0db6919bb23215b') in 0.012106 seconds
Number of updated asset objects reloaded before import = 0
Number of asset objects unloaded after import = 13
========================================================================
Received Import Request.
  Time since last request: 0.000018 seconds.
  path: Assets/Obligatory Scifi Corridor 01/Prefabs/floor-panel1.prefab
  artifactKey: Guid(e2cc31ae991ad1743aa619de12197432) Importer(815301076,1909f56bfc062723c751e8b465ee728b)
Start importing Assets/Obligatory Scifi Corridor 01/Prefabs/floor-panel1.prefab using Guid(e2cc31ae991ad1743aa619de12197432) Importer(815301076,1909f56bfc062723c751e8b465ee728b)  -> (artifact id: 'd35becd94fe47d11c58ea902d5e6f9fe') in 0.015152 seconds
Number of updated asset objects reloaded before import = 0
Number of asset objects unloaded after import = 13
========================================================================
Received Import Request.
  Time since last request: 0.000022 seconds.
  path: Assets/Obligatory Scifi Corridor 01/Prefabs/sign.prefab
  artifactKey: Guid(a574a02c2c4398143aa29cbfd082e874) Importer(815301076,1909f56bfc062723c751e8b465ee728b)
Start importing Assets/Obligatory Scifi Corridor 01/Prefabs/sign.prefab using Guid(a574a02c2c4398143aa29cbfd082e874) Importer(815301076,1909f56bfc062723c751e8b465ee728b)  -> (artifact id: '5c3068e5695728a4dacd1ae36ad05aea') in 0.007917 seconds
Number of updated asset objects reloaded before import = 0
Number of asset objects unloaded after import = 20
========================================================================
Received Import Request.
  Time since last request: 0.000010 seconds.
  path: Assets/Obligatory Scifi Corridor 01/Prefabs/wall-2.prefab
  artifactKey: Guid(882dcfc2534adbb48bf3fe882ebf0809) Importer(815301076,1909f56bfc062723c751e8b465ee728b)
Start importing Assets/Obligatory Scifi Corridor 01/Prefabs/wall-2.prefab using Guid(882dcfc2534adbb48bf3fe882ebf0809) Importer(815301076,1909f56bfc062723c751e8b465ee728b)  -> (artifact id: '5d28cbead6bdb1df1c75bf36590d2009') in 0.016741 seconds
Number of updated asset objects reloaded before import = 0
Number of asset objects unloaded after import = 13
========================================================================
Received Import Request.
  Time since last request: 0.000017 seconds.
  path: Assets/Obligatory Scifi Corridor 01/Prefabs/plane-detail1.prefab
  artifactKey: Guid(51ddcbbb08c4a8e4a941f70fdcea5220) Importer(815301076,1909f56bfc062723c751e8b465ee728b)
Start importing Assets/Obligatory Scifi Corridor 01/Prefabs/plane-detail1.prefab using Guid(51ddcbbb08c4a8e4a941f70fdcea5220) Importer(815301076,1909f56bfc062723c751e8b465ee728b)  -> (artifact id: '13f32dc508ec70d89f4eb752fb2a354b') in 0.018704 seconds
Number of updated asset objects reloaded before import = 0
Number of asset objects unloaded after import = 13
========================================================================
Received Import Request.
  Time since last request: 0.000012 seconds.
  path: Assets/Obligatory Scifi Corridor 01/Prefabs/tube-detail4.prefab
  artifactKey: Guid(6b957ce4847a3294e86146e28f50e806) Importer(815301076,1909f56bfc062723c751e8b465ee728b)
Start importing Assets/Obligatory Scifi Corridor 01/Prefabs/tube-detail4.prefab using Guid(6b957ce4847a3294e86146e28f50e806) Importer(815301076,1909f56bfc062723c751e8b465ee728b)  -> (artifact id: '7d5988baa17ecb0e3d71894abc0e0618') in 0.016102 seconds
Number of updated asset objects reloaded before import = 0
Number of asset objects unloaded after import = 31
========================================================================
Received Import Request.
  Time since last request: 0.000013 seconds.
  path: Assets/Obligatory Scifi Corridor 01/Prefabs/fabrics2.prefab
  artifactKey: Guid(b4c230ce118b42642b83a75f908e1f0d) Importer(815301076,1909f56bfc062723c751e8b465ee728b)
Start importing Assets/Obligatory Scifi Corridor 01/Prefabs/fabrics2.prefab using Guid(b4c230ce118b42642b83a75f908e1f0d) Importer(815301076,1909f56bfc062723c751e8b465ee728b)  -> (artifact id: '882affae6abe9fb413e4e2bf2999a72c') in 0.012539 seconds
Number of updated asset objects reloaded before import = 0
Number of asset objects unloaded after import = 12
========================================================================
Received Import Request.
  Time since last request: 0.000017 seconds.
  path: Assets/Obligatory Scifi Corridor 01/Prefabs/lamp-detail1 (1).prefab
  artifactKey: Guid(094a00bfe0978374ca7102013246761d) Importer(815301076,1909f56bfc062723c751e8b465ee728b)
Start importing Assets/Obligatory Scifi Corridor 01/Prefabs/lamp-detail1 (1).prefab using Guid(094a00bfe0978374ca7102013246761d) Importer(815301076,1909f56bfc062723c751e8b465ee728b)  -> (artifact id: 'e703d236c61d2105824ce4ab978491a1') in 0.014608 seconds
Number of updated asset objects reloaded before import = 0
Number of asset objects unloaded after import = 13
========================================================================
Received Import Request.
  Time since last request: 0.000012 seconds.
  path: Assets/Obligatory Scifi Corridor 01/Prefabs/floor2 (1).prefab
  artifactKey: Guid(17e7dc908b19c074eab0ea745952bc48) Importer(815301076,1909f56bfc062723c751e8b465ee728b)
Start importing Assets/Obligatory Scifi Corridor 01/Prefabs/floor2 (1).prefab using Guid(17e7dc908b19c074eab0ea745952bc48) Importer(815301076,1909f56bfc062723c751e8b465ee728b)  -> (artifact id: 'e0c293778054edad8023112352ac9f0a') in 0.014323 seconds
Number of updated asset objects reloaded before import = 0
Number of asset objects unloaded after import = 13
========================================================================
Received Import Request.
  Time since last request: 18.764967 seconds.
  path: Assets/Obligatory Scifi Corridor 01/Prefabs/collum2.prefab
  artifactKey: Guid(e204acc61a39ddd4e9b03869496b25ea) Importer(815301076,1909f56bfc062723c751e8b465ee728b)
Start importing Assets/Obligatory Scifi Corridor 01/Prefabs/collum2.prefab using Guid(e204acc61a39ddd4e9b03869496b25ea) Importer(815301076,1909f56bfc062723c751e8b465ee728b)  -> (artifact id: 'b0cc038f1af4fd8ba402e34a9143d227') in 0.018922 seconds
Number of updated asset objects reloaded before import = 0
Number of asset objects unloaded after import = 13
========================================================================
Received Import Request.
  Time since last request: 0.000016 seconds.
  path: Assets/Obligatory Scifi Corridor 01/Prefabs/tube-detail1 (1).prefab
  artifactKey: Guid(1f57008b07ddf6a48968ef37d01f5f78) Importer(815301076,1909f56bfc062723c751e8b465ee728b)
Start importing Assets/Obligatory Scifi Corridor 01/Prefabs/tube-detail1 (1).prefab using Guid(1f57008b07ddf6a48968ef37d01f5f78) Importer(815301076,1909f56bfc062723c751e8b465ee728b)  -> (artifact id: 'aed0c6398f5753cedf726c497fa4d656') in 0.036838 seconds
Number of updated asset objects reloaded before import = 0
Number of asset objects unloaded after import = 13
========================================================================
Received Import Request.
  Time since last request: 0.000020 seconds.
  path: Assets/Obligatory Scifi Corridor 01/Prefabs/floor2.prefab
  artifactKey: Guid(39c0276e2611d524887d283de82ba031) Importer(815301076,1909f56bfc062723c751e8b465ee728b)
Start importing Assets/Obligatory Scifi Corridor 01/Prefabs/floor2.prefab using Guid(39c0276e2611d524887d283de82ba031) Importer(815301076,1909f56bfc062723c751e8b465ee728b)  -> (artifact id: 'e7be1a122602ce34047281bf2e5b1add') in 0.020911 seconds
Number of updated asset objects reloaded before import = 0
Number of asset objects unloaded after import = 13
========================================================================
Received Import Request.
  Time since last request: 0.000026 seconds.
  path: Assets/Obligatory Scifi Corridor 01/Prefabs/lamp-detail1.prefab
  artifactKey: Guid(8f3a8de2c028ed64fba4ed3c764fae1e) Importer(815301076,1909f56bfc062723c751e8b465ee728b)
Start importing Assets/Obligatory Scifi Corridor 01/Prefabs/lamp-detail1.prefab using Guid(8f3a8de2c028ed64fba4ed3c764fae1e) Importer(815301076,1909f56bfc062723c751e8b465ee728b)  -> (artifact id: 'fa34a324b29e832b13ff3f97a38708b6') in 0.020204 seconds
Number of updated asset objects reloaded before import = 0
Number of asset objects unloaded after import = 13
========================================================================
Received Import Request.
  Time since last request: 0.000015 seconds.
  path: Assets/Obligatory Scifi Corridor 01/Prefabs/fabrics-detail1.prefab
  artifactKey: Guid(10c3cb03378727a4f9f60437ab7beba8) Importer(815301076,1909f56bfc062723c751e8b465ee728b)
Start importing Assets/Obligatory Scifi Corridor 01/Prefabs/fabrics-detail1.prefab using Guid(10c3cb03378727a4f9f60437ab7beba8) Importer(815301076,1909f56bfc062723c751e8b465ee728b)  -> (artifact id: '20c182bd740b6065be1ca281a0ab711a') in 0.017159 seconds
Number of updated asset objects reloaded before import = 0
Number of asset objects unloaded after import = 13
========================================================================
Received Import Request.
  Time since last request: 0.000015 seconds.
  path: Assets/Obligatory Scifi Corridor 01/Prefabs/wall-2.prefab
  artifactKey: Guid(882dcfc2534adbb48bf3fe882ebf0809) Importer(815301076,1909f56bfc062723c751e8b465ee728b)
Start importing Assets/Obligatory Scifi Corridor 01/Prefabs/wall-2.prefab using Guid(882dcfc2534adbb48bf3fe882ebf0809) Importer(815301076,1909f56bfc062723c751e8b465ee728b)  -> (artifact id: 'f26c082e551f5992fac1ac5ee43dc27c') in 0.020905 seconds
Number of updated asset objects reloaded before import = 0
Number of asset objects unloaded after import = 13
========================================================================
Received Import Request.
  Time since last request: 0.000020 seconds.
  path: Assets/Obligatory Scifi Corridor 01/Prefabs/detail-led1.prefab
  artifactKey: Guid(ea2bcd985b487d94e83170938910efeb) Importer(815301076,1909f56bfc062723c751e8b465ee728b)
Start importing Assets/Obligatory Scifi Corridor 01/Prefabs/detail-led1.prefab using Guid(ea2bcd985b487d94e83170938910efeb) Importer(815301076,1909f56bfc062723c751e8b465ee728b)  -> (artifact id: 'bdbea2b1690566caff0f5d1863c2f32d') in 0.020850 seconds
Number of updated asset objects reloaded before import = 0
Number of asset objects unloaded after import = 31
========================================================================
Received Import Request.
  Time since last request: 0.000018 seconds.
  path: Assets/Obligatory Scifi Corridor 01/Prefabs/floor-panel2.prefab
  artifactKey: Guid(eaff7f56d3ac71c469524d7f5d1c210e) Importer(815301076,1909f56bfc062723c751e8b465ee728b)
Start importing Assets/Obligatory Scifi Corridor 01/Prefabs/floor-panel2.prefab using Guid(eaff7f56d3ac71c469524d7f5d1c210e) Importer(815301076,1909f56bfc062723c751e8b465ee728b)  -> (artifact id: '5b17f0cf357f342ce1d9ddce41e2da3b') in 0.021351 seconds
Number of updated asset objects reloaded before import = 0
Number of asset objects unloaded after import = 13
Editor requested this worker to shutdown with reason: Scaling down because of idle timeout
TcpMessagingSession - receive error: operation aborted. errorcode: 995, details: The I/O operation has been aborted because of either a thread exit or an application request.
AssetImportWorker is now disconnected from the server
Process exiting
Exiting without the bug reporter. Application will terminate with return code 0