Using pre-set license
Built from '2022.3/staging' branch; Version is '2022.3.8f1 (b5eafc012955) revision 11922172'; Using compiler version '192829333'; Build Type 'Release'
OS: 'Windows 11  (10.0.22621) 64bit Core' Language: 'en' Physical Memory: 32648 MB
BatchMode: 1, IsHumanControllingUs: 0, StartBugReporterOnCrash: 0, Is64bit: 1, IsPro: 1

COMMAND LINE ARGUMENTS:
C:\Program Files\Unity\Hub\Editor\2022.3.8f1\Editor\Unity.exe
-adb2
-batchMode
-noUpm
-name
AssetImportWorker0
-projectPath
C:/Users/Zac/2D blendtree animations
-logFile
Logs/AssetImportWorker0.log
-srvPort
49912
Successfully changed project path to: C:/Users/Zac/2D blendtree animations
C:/Users/Zac/2D blendtree animations
[UnityMemory] Configuration Parameters - Can be set up in boot.config
    "memorysetup-bucket-allocator-granularity=16"
    "memorysetup-bucket-allocator-bucket-count=8"
    "memorysetup-bucket-allocator-block-size=33554432"
    "memorysetup-bucket-allocator-block-count=8"
    "memorysetup-main-allocator-block-size=16777216"
    "memorysetup-thread-allocator-block-size=16777216"
    "memorysetup-gfx-main-allocator-block-size=16777216"
    "memorysetup-gfx-thread-allocator-block-size=16777216"
    "memorysetup-cache-allocator-block-size=4194304"
    "memorysetup-typetree-allocator-block-size=2097152"
    "memorysetup-profiler-bucket-allocator-granularity=16"
    "memorysetup-profiler-bucket-allocator-bucket-count=8"
    "memorysetup-profiler-bucket-allocator-block-size=33554432"
    "memorysetup-profiler-bucket-allocator-block-count=8"
    "memorysetup-profiler-allocator-block-size=16777216"
    "memorysetup-profiler-editor-allocator-block-size=1048576"
    "memorysetup-temp-allocator-size-main=16777216"
    "memorysetup-job-temp-allocator-block-size=2097152"
    "memorysetup-job-temp-allocator-block-size-background=1048576"
    "memorysetup-job-temp-allocator-reduction-small-platforms=262144"
    "memorysetup-allocator-temp-initial-block-size-main=262144"
    "memorysetup-allocator-temp-initial-block-size-worker=262144"
    "memorysetup-temp-allocator-size-background-worker=32768"
    "memorysetup-temp-allocator-size-job-worker=262144"
    "memorysetup-temp-allocator-size-preload-manager=33554432"
    "memorysetup-temp-allocator-size-nav-mesh-worker=65536"
    "memorysetup-temp-allocator-size-audio-worker=65536"
    "memorysetup-temp-allocator-size-cloud-worker=32768"
    "memorysetup-temp-allocator-size-gi-baking-worker=262144"
    "memorysetup-temp-allocator-size-gfx=262144"
Player connection [12148] Host "[IP] 192.168.68.140 [Port] 0 [Flags] 2 [Guid] 4082990718 [EditorId] 4082990718 [Version] 1048832 [Id] WindowsEditor(7,DESKTOP-13C9S3F) [Debug] 1 [PackageName] WindowsEditor [ProjectName] Editor" joined multi-casting on [225.0.0.222:54997]...

Player connection [12148] Host "[IP] 192.168.68.140 [Port] 0 [Flags] 2 [Guid] 4082990718 [EditorId] 4082990718 [Version] 1048832 [Id] WindowsEditor(7,DESKTOP-13C9S3F) [Debug] 1 [PackageName] WindowsEditor [ProjectName] Editor" joined alternative multi-casting on [225.0.0.222:34997]...

[Physics::Module] Initialized MultithreadedJobDispatcher with 15 workers.
Refreshing native plugins compatible for Editor in 7.18 ms, found 3 plugins.
Preloading 0 native plugins for Editor in 0.00 ms.
Initialize engine version: 2022.3.8f1 (b5eafc012955)
[Subsystems] Discovering subsystems at path C:/Program Files/Unity/Hub/Editor/2022.3.8f1/Editor/Data/Resources/UnitySubsystems
[Subsystems] Discovering subsystems at path C:/Users/Zac/2D blendtree animations/Assets
GfxDevice: creating device client; threaded=0; jobified=0
Direct3D:
    Version:  Direct3D 11.0 [level 11.1]
    Renderer: AMD Radeon RX 7600 (ID=0x7480)
    Vendor:   ATI
    VRAM:     8132 MB
    Driver:   31.0.21024.3006
Initialize mono
Mono path[0] = 'C:/Program Files/Unity/Hub/Editor/2022.3.8f1/Editor/Data/Managed'
Mono path[1] = 'C:/Program Files/Unity/Hub/Editor/2022.3.8f1/Editor/Data/MonoBleedingEdge/lib/mono/unityjit-win32'
Mono config path = 'C:/Program Files/Unity/Hub/Editor/2022.3.8f1/Editor/Data/MonoBleedingEdge/etc'
Using monoOptions --debugger-agent=transport=dt_socket,embedding=1,server=y,suspend=n,address=127.0.0.1:56792
Begin MonoManager ReloadAssembly
Registering precompiled unity dll's ...
Register platform support module: C:/Program Files/Unity/Hub/Editor/2022.3.8f1/Editor/Data/PlaybackEngines/WebGLSupport/UnityEditor.WebGL.Extensions.dll
Register platform support module: C:/Program Files/Unity/Hub/Editor/2022.3.8f1/Editor/Data/PlaybackEngines/WindowsStandaloneSupport/UnityEditor.WindowsStandalone.Extensions.dll
Registered in 0.009716 seconds.
- Loaded All Assemblies, in  0.280 seconds
Native extension for WindowsStandalone target not found
Native extension for WebGL target not found
Mono: successfully reloaded assembly
- Finished resetting the current domain, in  0.199 seconds
Domain Reload Profiling: 478ms
	BeginReloadAssembly (90ms)
		ExecutionOrderSort (0ms)
		DisableScriptedObjects (0ms)
		BackupInstance (0ms)
		ReleaseScriptingObjects (0ms)
		CreateAndSetChildDomain (1ms)
	RebuildCommonClasses (26ms)
	RebuildNativeTypeToScriptingClass (8ms)
	initialDomainReloadingComplete (52ms)
	LoadAllAssembliesAndSetupDomain (101ms)
		LoadAssemblies (87ms)
		RebuildTransferFunctionScriptingTraits (0ms)
		AnalyzeDomain (100ms)
			TypeCache.Refresh (99ms)
				TypeCache.ScanAssembly (89ms)
			ScanForSourceGeneratedMonoScriptInfo (0ms)
			ResolveRequiredComponents (0ms)
	FinalizeReload (200ms)
		ReleaseScriptCaches (0ms)
		RebuildScriptCaches (0ms)
		SetupLoadedEditorAssemblies (152ms)
			LogAssemblyErrors (0ms)
			InitializePlatformSupportModulesInManaged (10ms)
			SetLoadedEditorAssemblies (5ms)
			RefreshPlugins (0ms)
			BeforeProcessingInitializeOnLoad (2ms)
			ProcessInitializeOnLoadAttributes (100ms)
			ProcessInitializeOnLoadMethodAttributes (36ms)
			AfterProcessingInitializeOnLoad (0ms)
			EditorAssembliesLoaded (0ms)
		ExecutionOrderSort2 (0ms)
		AwakeInstancesAfterBackupRestoration (0ms)
========================================================================
Worker process is ready to serve import requests
Begin MonoManager ReloadAssembly
- Loaded All Assemblies, in  0.529 seconds
Refreshing native plugins compatible for Editor in 3.02 ms, found 3 plugins.
Native extension for WindowsStandalone target not found
Native extension for WebGL target not found
Package Manager log level set to [2]
[Package Manager] Server::EnsureServerProcessIsRunning -- launch failed, reason: Unity was launched with the -noUpm command-line argument
[Package Manager] UpmClient::Send -- Unable to send message (not connected to UPM process).
[Package Manager] Cannot connect to Unity Package Manager local server
Mono: successfully reloaded assembly
- Finished resetting the current domain, in  0.529 seconds
Domain Reload Profiling: 1054ms
	BeginReloadAssembly (123ms)
		ExecutionOrderSort (0ms)
		DisableScriptedObjects (4ms)
		BackupInstance (0ms)
		ReleaseScriptingObjects (0ms)
		CreateAndSetChildDomain (17ms)
	RebuildCommonClasses (24ms)
	RebuildNativeTypeToScriptingClass (8ms)
	initialDomainReloadingComplete (37ms)
	LoadAllAssembliesAndSetupDomain (333ms)
		LoadAssemblies (275ms)
		RebuildTransferFunctionScriptingTraits (0ms)
		AnalyzeDomain (131ms)
			TypeCache.Refresh (114ms)
				TypeCache.ScanAssembly (100ms)
			ScanForSourceGeneratedMonoScriptInfo (12ms)
			ResolveRequiredComponents (4ms)
	FinalizeReload (529ms)
		ReleaseScriptCaches (0ms)
		RebuildScriptCaches (0ms)
		SetupLoadedEditorAssemblies (414ms)
			LogAssemblyErrors (0ms)
			InitializePlatformSupportModulesInManaged (7ms)
			SetLoadedEditorAssemblies (4ms)
			RefreshPlugins (0ms)
			BeforeProcessingInitializeOnLoad (83ms)
			ProcessInitializeOnLoadAttributes (296ms)
			ProcessInitializeOnLoadMethodAttributes (14ms)
			AfterProcessingInitializeOnLoad (10ms)
			EditorAssembliesLoaded (0ms)
		ExecutionOrderSort2 (0ms)
		AwakeInstancesAfterBackupRestoration (5ms)
Launched and connected shader compiler UnityShaderCompiler.exe after 0.06 seconds
Refreshing native plugins compatible for Editor in 3.98 ms, found 3 plugins.
Preloading 0 native plugins for Editor in 0.00 ms.
Unloading 3499 Unused Serialized files (Serialized files now loaded: 0)
Unloading 36 unused Assets / (99.6 KB). Loaded Objects now: 3967.
Memory consumption went from 137.0 MB to 136.9 MB.
Total: 2.657900 ms (FindLiveObjects: 0.259500 ms CreateObjectMapping: 0.077600 ms MarkObjects: 2.192400 ms  DeleteObjects: 0.127600 ms)

AssetImportParameters requested are different than current active one (requested -> active):
  custom:container-demuxer-ogg: 62fdf1f143b41e24485cea50d1cbac27 -> 
  custom:video-codec-MediaFoundation-h265: 746d11721c4dcdbdad8f713fa42b33f4 -> 
  custom:video-decoder-ogg-theora: a1e56fd34408186e4bbccfd4996cb3dc -> 
  custom:framework-win-MediaFoundation: 216162199b28c13a410421893ffa2e32 -> 
  custom:CustomObjectIndexerAttribute: 756ad292c208cfabdd7b50bc23989ffe -> 
  custom:container-demuxer-webm: 4f35f7cbe854078d1ac9338744f61a02 -> 
  custom:container-muxer-webm: aa71ff27fc2769a1b78a27578f13a17b -> 
  custom:video-decoder-webm-vp8: 9c59270c3fd7afecdb556c50c9e8de78 -> 
  custom:SearchIndexIgnoredProperties: e643bd26f0fe6173181afceb89e7c659 -> 
  custom:AudioImporter_EditorPlatform: d09bf68614088b80899f8185d706f6e7 -> 
  custom:video-encoder-webm-vp8: eb34c28f22e8b96e1ab97ce403110664 -> 
  custom:audio-decoder-ogg-vorbis: bf7c407c2cedff20999df2af8eb42d56 -> 
  custom:audio-encoder-webm-vorbis: bf7c407c2cedff20999df2af8eb42d56 -> 
========================================================================
Received Import Request.
  Time since last request: 2421.715873 seconds.
  path: Assets/Obligatory Scifi Corridor 01/Prefabs/tube-detail1 (1).prefab
  artifactKey: Guid(1f57008b07ddf6a48968ef37d01f5f78) Importer(815301076,1909f56bfc062723c751e8b465ee728b)
Start importing Assets/Obligatory Scifi Corridor 01/Prefabs/tube-detail1 (1).prefab using Guid(1f57008b07ddf6a48968ef37d01f5f78) Importer(815301076,1909f56bfc062723c751e8b465ee728b)  -> (artifact id: '9845989879674d6284cd780d938ca255') in 0.357863 seconds
Number of updated asset objects reloaded before import = 0
Number of asset objects unloaded after import = 13
========================================================================
Received Import Request.
  Time since last request: 0.000021 seconds.
  path: Assets/Obligatory Scifi Corridor 01/Prefabs/floor-detail2.prefab
  artifactKey: Guid(1ec3e17620eec0648bbad5641ad6cd6b) Importer(815301076,1909f56bfc062723c751e8b465ee728b)
Start importing Assets/Obligatory Scifi Corridor 01/Prefabs/floor-detail2.prefab using Guid(1ec3e17620eec0648bbad5641ad6cd6b) Importer(815301076,1909f56bfc062723c751e8b465ee728b)  -> (artifact id: '48712a8482264535d50c463bc894651e') in 0.028736 seconds
Number of updated asset objects reloaded before import = 0
Number of asset objects unloaded after import = 13
========================================================================
Received Import Request.
  Time since last request: 0.000011 seconds.
  path: Assets/Obligatory Scifi Corridor 01/Prefabs/collum3.prefab
  artifactKey: Guid(38db1cbd3e834564aa6dbaa7182afc7c) Importer(815301076,1909f56bfc062723c751e8b465ee728b)
Start importing Assets/Obligatory Scifi Corridor 01/Prefabs/collum3.prefab using Guid(38db1cbd3e834564aa6dbaa7182afc7c) Importer(815301076,1909f56bfc062723c751e8b465ee728b)  -> (artifact id: 'dd9a9522093f1b3c1fcdddc466acc85d') in 0.017470 seconds
Number of updated asset objects reloaded before import = 0
Number of asset objects unloaded after import = 13
========================================================================
Received Import Request.
  Time since last request: 0.000011 seconds.
  path: Assets/Obligatory Scifi Corridor 01/Prefabs/sign.prefab
  artifactKey: Guid(a574a02c2c4398143aa29cbfd082e874) Importer(815301076,1909f56bfc062723c751e8b465ee728b)
Start importing Assets/Obligatory Scifi Corridor 01/Prefabs/sign.prefab using Guid(a574a02c2c4398143aa29cbfd082e874) Importer(815301076,1909f56bfc062723c751e8b465ee728b)  -> (artifact id: '1128c02c66c80b3e0ba20f54fabc0478') in 0.018012 seconds
Number of updated asset objects reloaded before import = 0
Number of asset objects unloaded after import = 20
========================================================================
Received Import Request.
  Time since last request: 0.000012 seconds.
  path: Assets/Obligatory Scifi Corridor 01/Prefabs/wall-2.prefab
  artifactKey: Guid(882dcfc2534adbb48bf3fe882ebf0809) Importer(815301076,1909f56bfc062723c751e8b465ee728b)
Start importing Assets/Obligatory Scifi Corridor 01/Prefabs/wall-2.prefab using Guid(882dcfc2534adbb48bf3fe882ebf0809) Importer(815301076,1909f56bfc062723c751e8b465ee728b)  -> (artifact id: 'f14ff8ad55ea68b18ba291245281db7f') in 0.024872 seconds
Number of updated asset objects reloaded before import = 0
Number of asset objects unloaded after import = 13
========================================================================
Received Import Request.
  Time since last request: 0.000012 seconds.
  path: Assets/Obligatory Scifi Corridor 01/Prefabs/led4.prefab
  artifactKey: Guid(9c47be56e150031428b450d01abdcbcb) Importer(815301076,1909f56bfc062723c751e8b465ee728b)
Start importing Assets/Obligatory Scifi Corridor 01/Prefabs/led4.prefab using Guid(9c47be56e150031428b450d01abdcbcb) Importer(815301076,1909f56bfc062723c751e8b465ee728b)  -> (artifact id: '525558f49d066c7f5e49b61a0ab03ec7') in 0.021717 seconds
Number of updated asset objects reloaded before import = 0
Number of asset objects unloaded after import = 13
========================================================================
Received Import Request.
  Time since last request: 0.000012 seconds.
  path: Assets/Obligatory Scifi Corridor 01/Prefabs/lamp-detail1 (1).prefab
  artifactKey: Guid(094a00bfe0978374ca7102013246761d) Importer(815301076,1909f56bfc062723c751e8b465ee728b)
Start importing Assets/Obligatory Scifi Corridor 01/Prefabs/lamp-detail1 (1).prefab using Guid(094a00bfe0978374ca7102013246761d) Importer(815301076,1909f56bfc062723c751e8b465ee728b)  -> (artifact id: '99f4eb4ae17da20096ac5538be1d79d2') in 0.018013 seconds
Number of updated asset objects reloaded before import = 0
Number of asset objects unloaded after import = 13
========================================================================
Received Import Request.
  Time since last request: 2.755140 seconds.
  path: Assets/Obligatory Scifi Corridor 01/Models/sign_low.FBX
  artifactKey: Guid(864d2843b47edd54db5c54f98c25189a) Importer(815301076,1909f56bfc062723c751e8b465ee728b)
Start importing Assets/Obligatory Scifi Corridor 01/Models/sign_low.FBX using Guid(864d2843b47edd54db5c54f98c25189a) Importer(815301076,1909f56bfc062723c751e8b465ee728b)  -> (artifact id: '782730210b05dac47c015a685a820e5b') in 0.042736 seconds
Number of updated asset objects reloaded before import = 0
Number of asset objects unloaded after import = 18
========================================================================
Received Import Request.
  Time since last request: 24.189688 seconds.
  path: Assets/Obligatory Scifi Corridor 01/Scenes/Config-01-bake/Lightmap-0_comp_dir.exr
  artifactKey: Guid(a2b57f11f1f74d04eb436e14d5c235f0) Importer(815301076,1909f56bfc062723c751e8b465ee728b)
Start importing Assets/Obligatory Scifi Corridor 01/Scenes/Config-01-bake/Lightmap-0_comp_dir.exr using Guid(a2b57f11f1f74d04eb436e14d5c235f0) Importer(815301076,1909f56bfc062723c751e8b465ee728b)  -> (artifact id: 'c6cebf69b7df762d28a4661febf40075') in 0.017996 seconds
Number of updated asset objects reloaded before import = 0
Number of asset objects unloaded after import = 2
========================================================================
Received Import Request.
  Time since last request: 0.000012 seconds.
  path: Assets/Obligatory Scifi Corridor 01/Scenes/Config-01-bake/Lightmap-2_comp_light.exr
  artifactKey: Guid(6e9fc0e4c214327468de8e237aeacf53) Importer(815301076,1909f56bfc062723c751e8b465ee728b)
Start importing Assets/Obligatory Scifi Corridor 01/Scenes/Config-01-bake/Lightmap-2_comp_light.exr using Guid(6e9fc0e4c214327468de8e237aeacf53) Importer(815301076,1909f56bfc062723c751e8b465ee728b)  -> (artifact id: '90b347811806bbd20b287c32b5583d1b') in 0.024808 seconds
Number of updated asset objects reloaded before import = 0
Number of asset objects unloaded after import = 2
========================================================================
Received Import Request.
  Time since last request: 0.000017 seconds.
  path: Assets/Obligatory Scifi Corridor 01/Scenes/Config-01-bake/Lightmap-3_comp_dir.exr
  artifactKey: Guid(98c8e13bf0685724bb5dea9c82cd240a) Importer(815301076,1909f56bfc062723c751e8b465ee728b)
Start importing Assets/Obligatory Scifi Corridor 01/Scenes/Config-01-bake/Lightmap-3_comp_dir.exr using Guid(98c8e13bf0685724bb5dea9c82cd240a) Importer(815301076,1909f56bfc062723c751e8b465ee728b)  -> (artifact id: '86275882d5aa48ef4bc1ed244131d300') in 0.013015 seconds
Number of updated asset objects reloaded before import = 0
Number of asset objects unloaded after import = 2
Editor requested this worker to shutdown with reason: Scaling down because of idle timeout
TcpMessagingSession - receive error: operation aborted. errorcode: 995, details: The I/O operation has been aborted because of either a thread exit or an application request.
AssetImportWorker is now disconnected from the server
Process exiting
Exiting without the bug reporter. Application will terminate with return code 0